[debug] [2021-10-08T10:45:24.922Z] ----------------------------------------------------------------------
[debug] [2021-10-08T10:45:24.923Z] Command:       /Users/danieldbird/.nvm/versions/node/v15.12.0/bin/node /Users/danieldbird/.nvm/versions/node/v15.12.0/bin/firebase emulators:start --export-on-exit=firebase-emulator-data --import=firebase-emulator-data
[debug] [2021-10-08T10:45:24.923Z] CLI Version:   9.18.0
[debug] [2021-10-08T10:45:24.923Z] Platform:      darwin
[debug] [2021-10-08T10:45:24.923Z] Node Version:  v15.12.0
[debug] [2021-10-08T10:45:24.925Z] Time:          Fri Oct 08 2021 23:45:24 GMT+1300 (New Zealand Daylight Time)
[debug] [2021-10-08T10:45:24.925Z] ----------------------------------------------------------------------
[debug] 
[debug] [2021-10-08T10:45:24.926Z] >>> [apiv2][query] GET https://firebase-public.firebaseio.com/cli.json [none]
[debug] [2021-10-08T10:45:24.959Z] > command requires scopes: ["email","openid","https://www.googleapis.com/auth/cloudplatformprojects.readonly","https://www.googleapis.com/auth/firebase","https://www.googleapis.com/auth/cloud-platform"]
[debug] [2021-10-08T10:45:24.959Z] > authorizing via signed-in user (danieldbird@gmail.com)
[info] i  emulators: Starting emulators: auth, functions, firestore, hosting, storage {"metadata":{"emulator":{"name":"hub"},"message":"Starting emulators: auth, functions, firestore, hosting, storage"}}
[debug] [2021-10-08T10:45:24.965Z] [hub] writing locator at /var/folders/7v/kw5n7lcj5vvgft6_mq6h_6yr0000gn/T/hub-rantt-6595b.json
[warn] ⚠  functions: The following emulators are not running, calls to these services from the Functions emulator will affect production: database, pubsub {"metadata":{"emulator":{"name":"functions"},"message":"The following emulators are not running, calls to these services from the Functions emulator will affect production: \u001b[1mdatabase, pubsub\u001b[22m"}}
[warn] ⚠  Your requested "node" version "14" doesn't match your global version "15" {"metadata":{"emulator":{"name":"functions"},"message":"Your requested \"node\" version \"14\" doesn't match your global version \"15\""}}
[debug] [2021-10-08T10:45:24.974Z] defaultcredentials: writing to file /Users/danieldbird/.config/firebase/danieldbird_gmail_com_application_default_credentials.json
[debug] [2021-10-08T10:45:24.975Z] Setting GAC to /Users/danieldbird/.config/firebase/danieldbird_gmail_com_application_default_credentials.json {"metadata":{"emulator":{"name":"functions"},"message":"Setting GAC to /Users/danieldbird/.config/firebase/danieldbird_gmail_com_application_default_credentials.json"}}
[debug] [2021-10-08T10:45:24.975Z] > refreshing access token with scopes: []
[debug] [2021-10-08T10:45:24.976Z] >>> HTTP REQUEST POST https://www.googleapis.com/oauth2/v3/token  
 <request body omitted>
[debug] [2021-10-08T10:45:25.392Z] <<< HTTP RESPONSE 200 {"cache-control":"no-cache, no-store, max-age=0, must-revalidate","expires":"Mon, 01 Jan 1990 00:00:00 GMT","pragma":"no-cache","date":"Fri, 08 Oct 2021 10:45:25 GMT","content-type":"application/json; charset=utf-8","vary":"X-Origin, Referer, Origin,Accept-Encoding","server":"scaffolding on HTTPServer2","x-xss-protection":"0","x-frame-options":"SAMEORIGIN","x-content-type-options":"nosniff","alt-svc":"h3=\":443\"; ma=2592000,h3-29=\":443\"; ma=2592000,h3-T051=\":443\"; ma=2592000,h3-Q050=\":443\"; ma=2592000,h3-Q046=\":443\"; ma=2592000,h3-Q043=\":443\"; ma=2592000,quic=\":443\"; ma=2592000; v=\"46,43\"","accept-ranges":"none","transfer-encoding":"chunked"}
[debug] [2021-10-08T10:45:25.438Z] >>> [apiv2][query] GET https://firebase.googleapis.com/v1beta1/projects/rantt-6595b/adminSdkConfig [none]
[debug] [2021-10-08T10:45:25.804Z] <<< [apiv2][status] GET https://firebase-public.firebaseio.com/cli.json 200
[debug] [2021-10-08T10:45:25.805Z] <<< [apiv2][body] GET https://firebase-public.firebaseio.com/cli.json {"cloudBuildErrorAfter":1594252800000,"cloudBuildWarnAfter":1590019200000,"defaultNode10After":1594252800000,"minVersion":"3.0.5","node8DeploysDisabledAfter":1613390400000,"node8RuntimeDisabledAfter":1615809600000,"node8WarnAfter":1600128000000}
[debug] [2021-10-08T10:45:26.033Z] <<< [apiv2][status] GET https://firebase.googleapis.com/v1beta1/projects/rantt-6595b/adminSdkConfig 200
[debug] [2021-10-08T10:45:26.033Z] <<< [apiv2][body] GET https://firebase.googleapis.com/v1beta1/projects/rantt-6595b/adminSdkConfig {"projectId":"rantt-6595b","storageBucket":"rantt-6595b.appspot.com","locationId":"australia-southeast1"}
[info] i  firestore: Importing data from /Users/danieldbird/Code/rantt/firebase-emulator-data/firestore_export/firestore_export.overall_export_metadata {"metadata":{"emulator":{"name":"firestore"},"message":"Importing data from /Users/danieldbird/Code/rantt/firebase-emulator-data/firestore_export/firestore_export.overall_export_metadata"}}
[debug] [2021-10-08T10:45:27.105Z] Ignoring unsupported arg: projectId {"metadata":{"emulator":{"name":"firestore"},"message":"Ignoring unsupported arg: projectId"}}
[debug] [2021-10-08T10:45:27.105Z] Ignoring unsupported arg: auto_download {"metadata":{"emulator":{"name":"firestore"},"message":"Ignoring unsupported arg: auto_download"}}
[debug] [2021-10-08T10:45:27.105Z] Starting Firestore Emulator with command {"binary":"java","args":["-Dgoogle.cloud_firestore.debug_log_level=FINE","-Duser.language=en","-jar","/Users/danieldbird/.cache/firebase/emulators/cloud-firestore-emulator-v1.13.1.jar","--host","localhost","--port",8080,"--seed_from_export","/Users/danieldbird/Code/rantt/firebase-emulator-data/firestore_export/firestore_export.overall_export_metadata","--rules","/Users/danieldbird/Code/rantt/firestore.rules","--functions_emulator","localhost:5001"],"optionalArgs":["port","webchannel_port","host","rules","functions_emulator","seed_from_export"],"joinArgs":false} {"metadata":{"emulator":{"name":"firestore"},"message":"Starting Firestore Emulator with command {\"binary\":\"java\",\"args\":[\"-Dgoogle.cloud_firestore.debug_log_level=FINE\",\"-Duser.language=en\",\"-jar\",\"/Users/danieldbird/.cache/firebase/emulators/cloud-firestore-emulator-v1.13.1.jar\",\"--host\",\"localhost\",\"--port\",8080,\"--seed_from_export\",\"/Users/danieldbird/Code/rantt/firebase-emulator-data/firestore_export/firestore_export.overall_export_metadata\",\"--rules\",\"/Users/danieldbird/Code/rantt/firestore.rules\",\"--functions_emulator\",\"localhost:5001\"],\"optionalArgs\":[\"port\",\"webchannel_port\",\"host\",\"rules\",\"functions_emulator\",\"seed_from_export\"],\"joinArgs\":false}"}}
[info] i  firestore: Firestore Emulator logging to firestore-debug.log {"metadata":{"emulator":{"name":"firestore"},"message":"Firestore Emulator logging to \u001b[1mfirestore-debug.log\u001b[22m"}}
[debug] [2021-10-08T10:45:31.342Z] Oct 08, 2021 11:45:31 PM com.google.cloud.datastore.emulator.firestore.websocket.WebSocketServer start
INFO: Started WebSocket server on ws://localhost:49511
 {"metadata":{"emulator":{"name":"firestore"},"message":"Oct 08, 2021 11:45:31 PM com.google.cloud.datastore.emulator.firestore.websocket.WebSocketServer start\nINFO: Started WebSocket server on ws://localhost:49511\n"}}
[debug] [2021-10-08T10:45:31.368Z] API endpoint: http:// {"metadata":{"emulator":{"name":"firestore"},"message":"API endpoint: http://"}}
[debug] [2021-10-08T10:45:31.369Z] localhost:8080
If you are using a library that supports the FIRESTORE_EMULATOR_HOST environment variable, run:

   export FIRESTORE_EMULATOR_HOST=localhost: {"metadata":{"emulator":{"name":"firestore"},"message":"localhost:8080\nIf you are using a library that supports the FIRESTORE_EMULATOR_HOST environment variable, run:\n\n   export FIRESTORE_EMULATOR_HOST=localhost:"}}
[debug] [2021-10-08T10:45:31.369Z] 8080 {"metadata":{"emulator":{"name":"firestore"},"message":"8080"}}
[debug] [2021-10-08T10:45:31.369Z] 

Dev App Server is now running.

 {"metadata":{"emulator":{"name":"firestore"},"message":"\n\nDev App Server is now running.\n\n"}}
[info] i  auth: Importing config from /Users/danieldbird/Code/rantt/firebase-emulator-data/auth_export/config.json {"metadata":{"emulator":{"name":"database"},"message":"Importing config from /Users/danieldbird/Code/rantt/firebase-emulator-data/auth_export/config.json"}}
[info] i  auth: Importing accounts from /Users/danieldbird/Code/rantt/firebase-emulator-data/auth_export/accounts.json {"metadata":{"emulator":{"name":"database"},"message":"Importing accounts from /Users/danieldbird/Code/rantt/firebase-emulator-data/auth_export/accounts.json"}}
[debug] [2021-10-08T10:45:32.486Z] Ignoring unsupported arg: port {"metadata":{"emulator":{"name":"storage"},"message":"Ignoring unsupported arg: port"}}
[debug] [2021-10-08T10:45:32.729Z] Temp file directory for storage emulator: /var/folders/7v/kw5n7lcj5vvgft6_mq6h_6yr0000gn/T/firebase/storage/blobs {"metadata":{"emulator":{"name":"storage"},"message":"Temp file directory for storage emulator: /var/folders/7v/kw5n7lcj5vvgft6_mq6h_6yr0000gn/T/firebase/storage/blobs"}}
[debug] [2021-10-08T10:45:33.955Z] >>> [apiv2][query] GET https://firebasehosting.googleapis.com/v1beta1/projects/rantt-6595b/sites 
[debug] [2021-10-08T10:45:34.795Z] <<< [apiv2][status] GET https://firebasehosting.googleapis.com/v1beta1/projects/rantt-6595b/sites 200
[debug] [2021-10-08T10:45:34.795Z] <<< [apiv2][body] GET https://firebasehosting.googleapis.com/v1beta1/projects/rantt-6595b/sites {"sites":[{"name":"projects/210376089142/sites/rantt-6595b","defaultUrl":"https://rantt-6595b.web.app","appId":"1:210376089142:web:bd4bd99ec3953f2b168297","type":"DEFAULT_SITE"}]}
[debug] [2021-10-08T10:45:34.796Z] >>> [apiv2][query] GET https://firebase.googleapis.com/v1beta1/projects/rantt-6595b/webApps/1:210376089142:web:bd4bd99ec3953f2b168297/config [none]
[debug] [2021-10-08T10:45:36.579Z] <<< [apiv2][status] GET https://firebase.googleapis.com/v1beta1/projects/rantt-6595b/webApps/1:210376089142:web:bd4bd99ec3953f2b168297/config 200
[debug] [2021-10-08T10:45:36.580Z] <<< [apiv2][body] GET https://firebase.googleapis.com/v1beta1/projects/rantt-6595b/webApps/1:210376089142:web:bd4bd99ec3953f2b168297/config {"projectId":"rantt-6595b","appId":"1:210376089142:web:bd4bd99ec3953f2b168297","storageBucket":"rantt-6595b.appspot.com","locationId":"australia-southeast1","apiKey":"AIzaSyChM741wqBk5r9eV49mnYRE-VLKYQQFbhk","authDomain":"rantt-6595b.firebaseapp.com","messagingSenderId":"210376089142","measurementId":"G-JG57JHP2EL"}
[info] i  hosting: Serving hosting files from: build {"metadata":{"emulator":{"name":"hosting"},"message":"Serving hosting files from: \u001b[1mbuild\u001b[22m"}}
[info] ✔  hosting: Local server: http://localhost:5000 {"metadata":{"emulator":{"name":"hosting"},"message":"Local server: \u001b[4m\u001b[1mhttp://localhost:5000\u001b[22m\u001b[24m"}}
[debug] [2021-10-08T10:45:36.881Z] Ignoring unsupported arg: auto_download {"metadata":{"emulator":{"name":"ui"},"message":"Ignoring unsupported arg: auto_download"}}
[debug] [2021-10-08T10:45:36.881Z] Ignoring unsupported arg: port {"metadata":{"emulator":{"name":"ui"},"message":"Ignoring unsupported arg: port"}}
[debug] [2021-10-08T10:45:36.881Z] Starting Emulator UI with command {"binary":"node","args":["/Users/danieldbird/.cache/firebase/emulators/ui-v1.6.3/server.bundle.js"],"optionalArgs":[],"joinArgs":false} {"metadata":{"emulator":{"name":"ui"},"message":"Starting Emulator UI with command {\"binary\":\"node\",\"args\":[\"/Users/danieldbird/.cache/firebase/emulators/ui-v1.6.3/server.bundle.js\"],\"optionalArgs\":[],\"joinArgs\":false}"}}
[info] i  ui: Emulator UI logging to ui-debug.log {"metadata":{"emulator":{"name":"ui"},"message":"Emulator UI logging to \u001b[1mui-debug.log\u001b[22m"}}
[debug] [2021-10-08T10:45:36.928Z] Web / API server started at localhost:4000
 {"metadata":{"emulator":{"name":"ui"},"message":"Web / API server started at localhost:4000\n"}}
[info] i  functions: Watching "/Users/danieldbird/Code/rantt/functions" for Cloud Functions... {"metadata":{"emulator":{"name":"functions"},"message":"Watching \"/Users/danieldbird/Code/rantt/functions\" for Cloud Functions..."}}
[debug] [2021-10-08T10:45:37.150Z] [worker-pool] addWorker(~diagnostic~) {"metadata":{"emulator":{"name":"functions"},"message":"[worker-pool] addWorker(~diagnostic~)"}}
[debug] [2021-10-08T10:45:37.151Z] [worker-pool] Adding worker with key ~diagnostic~, total=1 {"metadata":{"emulator":{"name":"functions"},"message":"[worker-pool] Adding worker with key ~diagnostic~, total=1"}}
[debug] [2021-10-08T10:45:37.151Z] [worker-pool] submitWork(triggerId=) {"metadata":{"emulator":{"name":"functions"},"message":"[worker-pool] submitWork(triggerId=)"}}
[debug] [2021-10-08T10:45:37.151Z] [worker-~diagnostic~-f139010a-ac67-4734-868b-1f0cbbf798b4]: Assigning socketPath: /var/folders/7v/kw5n7lcj5vvgft6_mq6h_6yr0000gn/T/fire_emu_3481.sock {"metadata":{"emulator":{"name":"functions"},"message":"[worker-~diagnostic~-f139010a-ac67-4734-868b-1f0cbbf798b4]: Assigning socketPath: /var/folders/7v/kw5n7lcj5vvgft6_mq6h_6yr0000gn/T/fire_emu_3481.sock"}}
[debug] [2021-10-08T10:45:37.151Z] [worker-~diagnostic~-f139010a-ac67-4734-868b-1f0cbbf798b4]: BUSY {"metadata":{"emulator":{"name":"functions"},"message":"[worker-~diagnostic~-f139010a-ac67-4734-868b-1f0cbbf798b4]: BUSY"}}
[debug] [2021-10-08T10:45:37.258Z] [runtime-status] [3481] Functions runtime initialized. {"cwd":"/Users/danieldbird/Code/rantt/functions","node_version":"15.12.0"} {"metadata":{"emulator":{"name":"functions"},"message":"[runtime-status] [3481] Functions runtime initialized. {\"cwd\":\"/Users/danieldbird/Code/rantt/functions\",\"node_version\":\"15.12.0\"}"}}
[debug] [2021-10-08T10:45:37.258Z] [runtime-status] [3481] Disabled runtime features: undefined {"metadata":{"emulator":{"name":"functions"},"message":"[runtime-status] [3481] Disabled runtime features: undefined"}}
[debug] [2021-10-08T10:45:37.259Z] [runtime-status] [3481] Resolved module firebase-admin {"declared":true,"installed":true,"version":"9.11.1","resolution":"/Users/danieldbird/Code/rantt/functions/node_modules/firebase-admin/lib/index.js"} {"metadata":{"emulator":{"name":"functions"},"message":"[runtime-status] [3481] Resolved module firebase-admin {\"declared\":true,\"installed\":true,\"version\":\"9.11.1\",\"resolution\":\"/Users/danieldbird/Code/rantt/functions/node_modules/firebase-admin/lib/index.js\"}"}}
[debug] [2021-10-08T10:45:37.261Z] [runtime-status] [3481] Resolved module firebase-functions {"declared":true,"installed":true,"version":"3.15.7","resolution":"/Users/danieldbird/Code/rantt/functions/node_modules/firebase-functions/lib/index.js"} {"metadata":{"emulator":{"name":"functions"},"message":"[runtime-status] [3481] Resolved module firebase-functions {\"declared\":true,\"installed\":true,\"version\":\"3.15.7\",\"resolution\":\"/Users/danieldbird/Code/rantt/functions/node_modules/firebase-functions/lib/index.js\"}"}}
[debug] [2021-10-08T10:45:37.262Z] [runtime-status] [3481] Resolved module firebase-functions {"declared":true,"installed":true,"version":"3.15.7","resolution":"/Users/danieldbird/Code/rantt/functions/node_modules/firebase-functions/lib/index.js"} {"metadata":{"emulator":{"name":"functions"},"message":"[runtime-status] [3481] Resolved module firebase-functions {\"declared\":true,\"installed\":true,\"version\":\"3.15.7\",\"resolution\":\"/Users/danieldbird/Code/rantt/functions/node_modules/firebase-functions/lib/index.js\"}"}}
[debug] [2021-10-08T10:45:37.263Z] [runtime-status] [3481] Outgoing network have been stubbed. [{"name":"http","status":"mocked"},{"name":"http","status":"mocked"},{"name":"https","status":"mocked"},{"name":"https","status":"mocked"},{"name":"net","status":"mocked"}] {"metadata":{"emulator":{"name":"functions"},"message":"[runtime-status] [3481] Outgoing network have been stubbed. [{\"name\":\"http\",\"status\":\"mocked\"},{\"name\":\"http\",\"status\":\"mocked\"},{\"name\":\"https\",\"status\":\"mocked\"},{\"name\":\"https\",\"status\":\"mocked\"},{\"name\":\"net\",\"status\":\"mocked\"}]"}}
[debug] [2021-10-08T10:45:37.263Z] [runtime-status] [3481] Resolved module firebase-functions {"declared":true,"installed":true,"version":"3.15.7","resolution":"/Users/danieldbird/Code/rantt/functions/node_modules/firebase-functions/lib/index.js"} {"metadata":{"emulator":{"name":"functions"},"message":"[runtime-status] [3481] Resolved module firebase-functions {\"declared\":true,\"installed\":true,\"version\":\"3.15.7\",\"resolution\":\"/Users/danieldbird/Code/rantt/functions/node_modules/firebase-functions/lib/index.js\"}"}}
[debug] [2021-10-08T10:45:37.284Z] [runtime-status] [3481] Checked functions.config() {"config":{}} {"metadata":{"emulator":{"name":"functions"},"message":"[runtime-status] [3481] Checked functions.config() {\"config\":{}}"}}
[debug] [2021-10-08T10:45:37.284Z] [runtime-status] [3481] firebase-functions has been stubbed. {"functionsResolution":{"declared":true,"installed":true,"version":"3.15.7","resolution":"/Users/danieldbird/Code/rantt/functions/node_modules/firebase-functions/lib/index.js"}} {"metadata":{"emulator":{"name":"functions"},"message":"[runtime-status] [3481] firebase-functions has been stubbed. {\"functionsResolution\":{\"declared\":true,\"installed\":true,\"version\":\"3.15.7\",\"resolution\":\"/Users/danieldbird/Code/rantt/functions/node_modules/firebase-functions/lib/index.js\"}}"}}
[debug] [2021-10-08T10:45:37.284Z] [runtime-status] [3481] Resolved module firebase-functions {"declared":true,"installed":true,"version":"3.15.7","resolution":"/Users/danieldbird/Code/rantt/functions/node_modules/firebase-functions/lib/index.js"} {"metadata":{"emulator":{"name":"functions"},"message":"[runtime-status] [3481] Resolved module firebase-functions {\"declared\":true,\"installed\":true,\"version\":\"3.15.7\",\"resolution\":\"/Users/danieldbird/Code/rantt/functions/node_modules/firebase-functions/lib/index.js\"}"}}
[debug] [2021-10-08T10:45:37.285Z] [runtime-status] [3481] Resolved module firebase-admin {"declared":true,"installed":true,"version":"9.11.1","resolution":"/Users/danieldbird/Code/rantt/functions/node_modules/firebase-admin/lib/index.js"} {"metadata":{"emulator":{"name":"functions"},"message":"[runtime-status] [3481] Resolved module firebase-admin {\"declared\":true,\"installed\":true,\"version\":\"9.11.1\",\"resolution\":\"/Users/danieldbird/Code/rantt/functions/node_modules/firebase-admin/lib/index.js\"}"}}
[debug] [2021-10-08T10:45:37.285Z] [runtime-status] [3481] Resolved module firebase-functions {"declared":true,"installed":true,"version":"3.15.7","resolution":"/Users/danieldbird/Code/rantt/functions/node_modules/firebase-functions/lib/index.js"} {"metadata":{"emulator":{"name":"functions"},"message":"[runtime-status] [3481] Resolved module firebase-functions {\"declared\":true,\"installed\":true,\"version\":\"3.15.7\",\"resolution\":\"/Users/danieldbird/Code/rantt/functions/node_modules/firebase-functions/lib/index.js\"}"}}
[debug] [2021-10-08T10:45:37.285Z] [runtime-status] [3481] firebase-admin has been stubbed. {"adminResolution":{"declared":true,"installed":true,"version":"9.11.1","resolution":"/Users/danieldbird/Code/rantt/functions/node_modules/firebase-admin/lib/index.js"}} {"metadata":{"emulator":{"name":"functions"},"message":"[runtime-status] [3481] firebase-admin has been stubbed. {\"adminResolution\":{\"declared\":true,\"installed\":true,\"version\":\"9.11.1\",\"resolution\":\"/Users/danieldbird/Code/rantt/functions/node_modules/firebase-admin/lib/index.js\"}}"}}
[info] 
┌─────────────────────────────────────────────────────────────┐
│ ✔  All emulators ready! It is now safe to connect your app. │
│ i  View Emulator UI at http://localhost:4000                │
└─────────────────────────────────────────────────────────────┘

┌────────────────┬────────────────┬─────────────────────────────────┐
│ Emulator       │ Host:Port      │ View in Emulator UI             │
├────────────────┼────────────────┼─────────────────────────────────┤
│ Authentication │ localhost:9099 │ http://localhost:4000/auth      │
├────────────────┼────────────────┼─────────────────────────────────┤
│ Functions      │ localhost:5001 │ http://localhost:4000/functions │
├────────────────┼────────────────┼─────────────────────────────────┤
│ Firestore      │ localhost:8080 │ http://localhost:4000/firestore │
├────────────────┼────────────────┼─────────────────────────────────┤
│ Hosting        │ localhost:5000 │ n/a                             │
├────────────────┼────────────────┼─────────────────────────────────┤
│ Storage        │ localhost:9199 │ http://localhost:4000/storage   │
└────────────────┴────────────────┴─────────────────────────────────┘
  Emulator Hub running at localhost:4400
  Other reserved ports: 4500

Issues? Report them at https://github.com/firebase/firebase-tools/issues and attach the *-debug.log files.
 
[debug] [2021-10-08T10:45:37.287Z] [worker-~diagnostic~-f139010a-ac67-4734-868b-1f0cbbf798b4]: IDLE {"metadata":{"emulator":{"name":"functions"},"message":"[worker-~diagnostic~-f139010a-ac67-4734-868b-1f0cbbf798b4]: IDLE"}}
[debug] [2021-10-08T10:55:35.210Z] Oct 08, 2021 11:55:35 PM io.gapi.emulators.netty.HttpVersionRoutingHandler channelRead
INFO: Detected non-HTTP/2 connection.
 {"metadata":{"emulator":{"name":"firestore"},"message":"Oct 08, 2021 11:55:35 PM io.gapi.emulators.netty.HttpVersionRoutingHandler channelRead\nINFO: Detected non-HTTP/2 connection.\n"}}
[debug] [2021-10-08T10:55:36.422Z] Oct 08, 2021 11:55:36 PM io.gapi.emulators.netty.HttpVersionRoutingHandler channelRead
INFO: Detected non-HTTP/2 connection.
 {"metadata":{"emulator":{"name":"firestore"},"message":"Oct 08, 2021 11:55:36 PM io.gapi.emulators.netty.HttpVersionRoutingHandler channelRead\nINFO: Detected non-HTTP/2 connection.\n"}}
[debug] [2021-10-08T10:56:51.557Z] Oct 08, 2021 11:56:51 PM io.gapi.emulators.netty.HttpVersionRoutingHandler channelRead
INFO: Detected non-HTTP/2 connection.
 {"metadata":{"emulator":{"name":"firestore"},"message":"Oct 08, 2021 11:56:51 PM io.gapi.emulators.netty.HttpVersionRoutingHandler channelRead\nINFO: Detected non-HTTP/2 connection.\n"}}
[debug] [2021-10-08T10:57:51.693Z] Oct 08, 2021 11:57:51 PM io.gapi.emulators.netty.HttpVersionRoutingHandler channelRead
INFO: Detected non-HTTP/2 connection.
 {"metadata":{"emulator":{"name":"firestore"},"message":"Oct 08, 2021 11:57:51 PM io.gapi.emulators.netty.HttpVersionRoutingHandler channelRead\nINFO: Detected non-HTTP/2 connection.\n"}}
